{
  "RSpec": {
    "coverage": {
      "/Users/KimWilson/Projects/oystercard/spec/card_spec.rb": [
        1,
        null,
        1,
        null,
        15,
        5,
        7,
        null,
        1,
        1,
        null,
        null,
        1,
        1,
        null,
        null,
        1,
        1,
        1,
        1,
        null,
        null,
        1,
        1,
        2,
        null,
        null,
        null,
        1,
        1,
        2,
        null,
        null,
        2,
        null,
        1,
        1,
        1,
        1,
        1,
        1,
        null,
        null,
        null,
        null,
        1,
        1,
        1,
        4,
        null,
        null,
        1,
        1,
        1,
        null,
        null,
        2,
        null,
        1,
        1,
        1,
        null,
        null,
        null,
        null,
        1,
        1,
        1,
        1,
        1,
        null,
        1,
        1,
        1,
        null,
        null,
        null,
        1,
        null,
        1,
        1,
        1,
        1,
        1,
        null,
        null,
        null,
        null,
        null,
        null,
        null,
        null,
        null,
        null,
        null,
        null
      ],
      "/Users/KimWilson/Projects/oystercard/lib/card.rb": [
        1,
        null,
        1,
        1,
        1,
        null,
        1,
        null,
        1,
        22,
        22,
        null,
        null,
        1,
        14,
        12,
        null,
        null,
        1,
        10,
        8,
        8,
        null,
        null,
        1,
        9,
        9,
        9,
        9,
        null,
        null,
        1,
        2,
        null,
        null,
        1,
        1,
        9,
        null,
        null,
        1,
        10,
        null,
        null,
        1,
        14,
        null,
        null,
        1,
        9,
        9,
        null,
        null,
        null
      ],
      "/Users/KimWilson/Projects/oystercard/spec/feature_spec.rb": [
        1,
        null,
        1,
        null,
        null,
        null,
        null,
        1,
        1,
        2,
        null,
        null,
        null,
        null,
        null,
        1,
        1,
        1,
        1,
        null,
        null,
        null,
        null,
        null,
        1,
        1,
        1,
        2,
        null,
        null,
        null,
        null,
        null,
        null,
        1,
        1,
        1,
        1,
        1,
        2,
        null,
        null,
        null,
        null,
        null,
        1,
        1,
        2,
        null,
        null,
        null,
        null,
        null,
        1,
        1,
        1,
        1,
        1,
        1,
        null,
        null,
        null,
        null,
        null,
        1,
        1,
        1,
        1,
        1,
        null,
        null,
        null,
        null,
        null,
        1,
        1,
        1,
        1,
        1,
        1,
        null,
        null,
        null
      ]
    },
    "timestamp": 1479309455
  }
}
